12/12/2023 19:32:21 - root - INFO - Fuel cost for lifting the rocket would be 300000.0 USD
12/12/2023 19:32:21 - root - INFO - Fuel cost for lifting the rocket would be 300000.0 USD
12/12/2023 19:49:24 - root - INFO - Fuel costs for lifting the rocket would be 300000.0 USD
12/12/2023 19:49:24 - root - INFO - Salary costs for lifting the rocket would be 20000000 USD
12/12/2023 19:49:24 - root - INFO - Total costs for lifting the rocket would be 20300000.0 USD
12/12/2023 19:56:13 - root - INFO - Fuel costs for lifting the rocket would be 300000.0 USD
12/12/2023 19:56:13 - root - INFO - Salary costs for lifting the rocket would be 20000000 USD
12/12/2023 19:56:13 - root - INFO - Total costs for lifting the rocket would be 20300000.0 USD
12/12/2023 19:56:55 - root - INFO - Fuel costs for lifting the rocket would be 300000.0 USD
12/12/2023 19:56:55 - root - INFO - Salary costs for lifting the rocket would be 20000000 USD
12/12/2023 19:56:55 - root - INFO - Total costs for lifting the rocket would be 20300000.0 USD
12/12/2023 19:57:16 - root - INFO - Fuel costs for lifting the rocket would be 300000.0 USD
12/12/2023 19:57:16 - root - INFO - Salary costs for lifting the rocket would be 20000000 USD
12/12/2023 19:57:16 - root - INFO - Total costs for lifting the rocket would be 20300000.0 USD
12/12/2023 20:03:57 - root - INFO - Fuel costs for lifting the rocket would be 300000.0 USD
12/12/2023 20:03:57 - root - INFO - Salary costs for lifting the rocket would be 20000000 USD
12/12/2023 20:03:57 - root - INFO - Total costs for lifting the rocket would be 20300000.0 USD
12/12/2023 20:05:33 - root - INFO - Fuel costs for lifting the rocket would be 300000.0 USD
12/12/2023 20:05:33 - root - INFO - Salary costs for lifting the rocket would be 20000000 USD
12/12/2023 20:05:33 - root - INFO - Total costs for lifting the rocket would be 20300000.0 USD
12/12/2023 20:07:20 - root - INFO - Space craft 25 years old, costs around 25000000.0 USD, 
was built in 1989 and weights around 45000000 Kgs
12/12/2023 20:07:20 - root - INFO - Fuel costs for lifting this rocket would be 300000.0 USD
12/12/2023 20:07:20 - root - INFO - Salary costs for lifting the rocket would be 20000000 USD
12/12/2023 20:07:20 - root - INFO - Total costs for lifting the rocket would be 20300000.0 USD
12/12/2023 20:12:14 - root - INFO - Space craft 25 years old, costs around 25000000.0 USD, 
was built in 1989 and weights around 45000000 Kgs
12/12/2023 20:12:14 - root - INFO - Fuel costs for lifting this rocket would be 300000.0 USD
12/12/2023 20:12:14 - root - INFO - Salary costs for lifting the rocket would be 20000000 USD
12/12/2023 20:12:14 - root - INFO - Total costs for lifting the rocket would be 20300000.0 USD
